<!DOCTYPE html PUBLIC "-//W3C//DTD XHTML 1.1//EN" "https://www.w3.org/TR/xhtml11/DTD/xhtml11.dtd">
<html xmlns="https://www.w3.org/1999/xhtml">
<head>
<meta http-equiv="content-type" content="text/html; charset=UTF-8"/>
<title>TestNG Report</title>
<style type="text/css">table {margin-bottom:10px;border-collapse:collapse;empty-cells:show}th,td {border:1px solid #009;padding:.25em .5em}th {vertical-align:bottom}td {vertical-align:top}table a {font-weight:bold}.stripe td {background-color: #E6EBF9}.num {text-align:right}.passedodd td {background-color: #3F3}.passedeven td {background-color: #0A0}.skippedodd td {background-color: #DDD}.skippedeven td {background-color: #CCC}.failedodd td,.attn {background-color: #F33}.failedeven td,.stripe .attn {background-color: #D00}.stacktrace {white-space:pre;font-family:monospace}.totop {font-size:85%;text-align:center;border-bottom:2px solid #000}.invisible {display:none}</style>
</head>
<body>
<table>
<tr><th>Test</th><th># Passed</th><th># Skipped</th><th># Retried</th><th># Failed</th><th>Time (ms)</th><th>Included Groups</th><th>Excluded Groups</th></tr>
<tr><th colspan="8">MarketBilling</th></tr>
<tr><td><a href="#t0">Test</a></td><td class="num">12</td><td class="num">0</td><td class="num">0</td><td class="num attn">13</td><td class="num">657,377</td><td></td><td></td></tr>
</table>
<table id='summary'><thead><tr><th>Class</th><th>Method</th><th>Start</th><th>Time (ms)</th></tr></thead><tbody><tr><th colspan="4">MarketBilling</th></tr></tbody><tbody id="t0"><tr><th colspan="4">Test &#8212; failed</th></tr><tr class="failedeven"><td rowspan="2">TestCases.Imports</td><td><a href="#m0">CustomerPrerequiste</a></td><td rowspan="1">1670218405337</td><td rowspan="1">7053</td></tr><tr class="failedeven"><td><a href="#m1">MeterNumberImport</a></td><td rowspan="1">1670218412558</td><td rowspan="1">1095</td></tr><tr class="failedodd"><td rowspan="2">TestCases.TestAddPlan</td><td><a href="#m2">Add_ProRated_Rates</a></td><td rowspan="1">1670217877514</td><td rowspan="1">10032</td></tr><tr class="failedodd"><td><a href="#m3">OtherPlan</a></td><td rowspan="1">1670217858879</td><td rowspan="1">18392</td></tr><tr class="failedeven"><td rowspan="1">TestCases.TestAddService</td><td><a href="#m4">Service</a></td><td rowspan="1">1670218000195</td><td rowspan="1">94600</td></tr><tr class="failedodd"><td rowspan="2">TestCases.TestAutoDueDate</td><td><a href="#m5">AutoDueDate</a></td><td rowspan="1">1670218413826</td><td rowspan="1">8</td></tr><tr class="failedodd"><td><a href="#m6">BillRunWithSingleCustomer</a></td><td rowspan="1">1670218413987</td><td rowspan="1">0</td></tr><tr class="failedeven"><td rowspan="2">TestCases.TestBillRunWithNoCycle</td><td><a href="#m7">BillRunWithNoCycle</a></td><td rowspan="1">1670217887770</td><td rowspan="1">7</td></tr><tr class="failedeven"><td><a href="#m8">BillrunMethod_NoCycle</a></td><td rowspan="1">1670217887957</td><td rowspan="1">1167</td></tr><tr class="failedodd"><td rowspan="2">TestCases.TestBillRunWithUncommittedStatement</td><td><a href="#m9">BillRunPrerequiste</a></td><td rowspan="1">1670218389923</td><td rowspan="1">9</td></tr><tr class="failedodd"><td><a href="#m10">BillRunWithUncommittedStatement</a></td><td rowspan="1">1670218390082</td><td rowspan="1">15099</td></tr><tr class="failedeven"><td rowspan="1">TestCases.TestLargeBillRun</td><td><a href="#m11">Flow8_AllBillrunCycles</a></td><td rowspan="1">1670218387779</td><td rowspan="1">1974</td></tr><tr class="failedodd"><td rowspan="1">TestCases.TestTwoCustomerBillRun</td><td><a href="#m12">Flow8_AllBillrunCycles</a></td><td rowspan="1">1670218384830</td><td rowspan="1">2759</td></tr><tr><th colspan="4">Test &#8212; passed</th></tr><tr class="passedeven"><td rowspan="4">TestCases.TestAddPlan</td><td><a href="#m13">AddPlanwithoutTOUDefinition</a></td><td rowspan="1">1670217774626</td><td rowspan="1">37977</td></tr><tr class="passedeven"><td><a href="#m14">PlanwithDemandTOUdefinition_Network_and_Retail_Trf</a></td><td rowspan="1">1670217840240</td><td rowspan="1">18633</td></tr><tr class="passedeven"><td><a href="#m15">PlanwithTOUDefinition_Network_and_Retail_Trf</a></td><td rowspan="1">1670217812605</td><td rowspan="1">27630</td></tr><tr class="passedeven"><td><a href="#m16">TouImport</a></td><td rowspan="1">1670217764592</td><td rowspan="1">10031</td></tr><tr class="passedodd"><td rowspan="1">TestCases.TestAddService</td><td><a href="#m17">SecondService</a></td><td rowspan="1">1670218094999</td><td rowspan="1">81245</td></tr><tr class="passedeven"><td rowspan="3">TestCases.TestCustomers</td><td><a href="#m18">Customer</a></td><td rowspan="1">1670217889325</td><td rowspan="1">46076</td></tr><tr class="passedeven"><td><a href="#m19">SecondCustomer</a></td><td rowspan="1">1670217935403</td><td rowspan="1">32402</td></tr><tr class="passedeven"><td><a href="#m20">ThirdCustomer</a></td><td rowspan="1">1670217967807</td><td rowspan="1">32385</td></tr><tr class="passedodd"><td rowspan="1">TestCases.TestLogin</td><td><a href="#m21">ValidLogin</a></td><td rowspan="1">1670217756793</td><td rowspan="1">7792</td></tr><tr class="passedeven"><td rowspan="3">TestCases.TestSingleCustomerBillRun</td><td><a href="#m22">Rollback_SmallBillRunWithSingleCustomer</a></td><td rowspan="1">1670218228487</td><td rowspan="1">156341</td></tr><tr class="passedeven"><td><a href="#m23">SmallBillRunWithSingleCustomer</a></td><td rowspan="1">1670218197376</td><td rowspan="1">31109</td></tr><tr class="passedeven"><td><a href="#m24">X_BillrunCycle</a></td><td rowspan="1">1670218176246</td><td rowspan="1">21129</td></tr></tbody>
</table>
<h2>Test</h2><h3 id="m0">TestCases.Imports#CustomerPrerequiste</h3><table class="result"><tr><th>Exception</th></tr><tr><td><div class="stacktrace">org.openqa.selenium.WebDriverException: element click intercepted: Element &lt;span&gt;...&lt;/span&gt; is not clickable at point (201, 95). Other element would receive the click: &lt;div class=&quot;modal bootstrap-dialog type-warning fade size-normal in&quot; tabindex=&quot;-1&quot; role=&quot;dialog&quot; aria-hidden=&quot;false&quot; id=&quot;cf62753a-58c4-4290-a92b-fb6698911b9b&quot; aria-labelledby=&quot;cf62753a-58c4-4290-a92b-fb6698911b9b_title&quot; style=&quot;display: block; z-index: 1050;&quot;&gt;...&lt;/div&gt;
  (Session info: chrome=107.0.5304.123)
Build info: version: &apos;3.5.3&apos;, revision: &apos;a88d25fe6b&apos;, time: &apos;2017-08-29T12:42:44.417Z&apos;
System info: host: &apos;DESKTOP-881C30Q&apos;, ip: &apos;192.168.1.18&apos;, os.name: &apos;Windows 10&apos;, os.arch: &apos;amd64&apos;, os.version: &apos;10.0&apos;, java.version: &apos;17.0.4&apos;
Driver info: org.openqa.selenium.chrome.ChromeDriver
Capabilities [{networkConnectionEnabled=false, chrome={chromedriverVersion=107.0.5304.62 (1eec40d3a5764881c92085aaee66d25075c159aa-refs/branch-heads/5304@{#942}), userDataDir=C:\Users\SQELAB~1\AppData\Local\Temp\scoped_dir8628_800842881}, timeouts={implicit=0, pageLoad=300000, script=30000}, pageLoadStrategy=normal, unhandledPromptBehavior=dismiss and notify, strictFileInteractability=false, platform=XP, proxy=Proxy(), goog:chromeOptions={debuggerAddress=localhost:55573}, webauthn:extension:credBlob=true, acceptInsecureCerts=false, browserVersion=107.0.5304.123, browserName=chrome, javascriptEnabled=true, platformName=XP, setWindowRect=true, webauthn:extension:largeBlob=true, webauthn:virtualAuthenticators=true}]
Session ID: 387b6e927c6b7349d9319cf23bf6f570
	at org.openqa.selenium.remote.http.W3CHttpResponseCodec.createException(W3CHttpResponseCodec.java:185)
	at org.openqa.selenium.remote.http.W3CHttpResponseCodec.decode(W3CHttpResponseCodec.java:120)
	at org.openqa.selenium.remote.http.W3CHttpResponseCodec.decode(W3CHttpResponseCodec.java:49)
	at org.openqa.selenium.remote.HttpCommandExecutor.execute(HttpCommandExecutor.java:164)
	at org.openqa.selenium.remote.service.DriverCommandExecutor.execute(DriverCommandExecutor.java:82)
	at org.openqa.selenium.remote.RemoteWebDriver.execute(RemoteWebDriver.java:646)
	at org.openqa.selenium.remote.RemoteWebElement.execute(RemoteWebElement.java:275)
	at org.openqa.selenium.remote.RemoteWebElement.click(RemoteWebElement.java:82)
	at CommonMethods.WebDriverWaits.ClickOn(WebDriverWaits.java:44)
	at POM.Flow5_AddCustomer$FirstCustomer.FirstResidentialCustomer(Flow5_AddCustomer.java:84)
	at POM.Flow11Import_Transactions_Update_Download_And_EmailStatement.CustomerPrerequiste(Flow11Import_Transactions_Update_Download_And_EmailStatement.java:38)
	at TestCases.Imports.CustomerPrerequiste(Imports.java:16)
	at java.base/java.util.ArrayList.forEach(ArrayList.java:1511)
... Removed 32 stack frames</div></td></tr></table><p class="totop"><a href="#summary">back to summary</a></p>
<h3 id="m1">TestCases.Imports#MeterNumberImport</h3><table class="result"><tr><th>Exception</th></tr><tr><td><div class="stacktrace">org.openqa.selenium.WebDriverException: element click intercepted: Element &lt;i class=&quot;icon-lock&quot;&gt;&lt;/i&gt; is not clickable at point (587, 67). Other element would receive the click: &lt;div class=&quot;bootstrap-dialog-header&quot;&gt;...&lt;/div&gt;
  (Session info: chrome=107.0.5304.123)
Build info: version: &apos;3.5.3&apos;, revision: &apos;a88d25fe6b&apos;, time: &apos;2017-08-29T12:42:44.417Z&apos;
System info: host: &apos;DESKTOP-881C30Q&apos;, ip: &apos;192.168.1.18&apos;, os.name: &apos;Windows 10&apos;, os.arch: &apos;amd64&apos;, os.version: &apos;10.0&apos;, java.version: &apos;17.0.4&apos;
Driver info: org.openqa.selenium.chrome.ChromeDriver
Capabilities [{networkConnectionEnabled=false, chrome={chromedriverVersion=107.0.5304.62 (1eec40d3a5764881c92085aaee66d25075c159aa-refs/branch-heads/5304@{#942}), userDataDir=C:\Users\SQELAB~1\AppData\Local\Temp\scoped_dir8628_800842881}, timeouts={implicit=0, pageLoad=300000, script=30000}, pageLoadStrategy=normal, unhandledPromptBehavior=dismiss and notify, strictFileInteractability=false, platform=XP, proxy=Proxy(), goog:chromeOptions={debuggerAddress=localhost:55573}, webauthn:extension:credBlob=true, acceptInsecureCerts=false, browserVersion=107.0.5304.123, browserName=chrome, javascriptEnabled=true, platformName=XP, setWindowRect=true, webauthn:extension:largeBlob=true, webauthn:virtualAuthenticators=true}]
Session ID: 387b6e927c6b7349d9319cf23bf6f570
	at org.openqa.selenium.remote.http.W3CHttpResponseCodec.createException(W3CHttpResponseCodec.java:185)
	at org.openqa.selenium.remote.http.W3CHttpResponseCodec.decode(W3CHttpResponseCodec.java:120)
	at org.openqa.selenium.remote.http.W3CHttpResponseCodec.decode(W3CHttpResponseCodec.java:49)
	at org.openqa.selenium.remote.HttpCommandExecutor.execute(HttpCommandExecutor.java:164)
	at org.openqa.selenium.remote.service.DriverCommandExecutor.execute(DriverCommandExecutor.java:82)
	at org.openqa.selenium.remote.RemoteWebDriver.execute(RemoteWebDriver.java:646)
	at org.openqa.selenium.remote.RemoteWebElement.execute(RemoteWebElement.java:275)
	at org.openqa.selenium.remote.RemoteWebElement.click(RemoteWebElement.java:82)
	at CommonMethods.WebDriverWaits.ClickOn(WebDriverWaits.java:44)
	at POM.Flow11Import_Transactions_Update_Download_And_EmailStatement$MeterNumberImport.MeterNumberImportFile(Flow11Import_Transactions_Update_Download_And_EmailStatement.java:51)
	at TestCases.Imports.MeterNumberImport(Imports.java:24)
	at java.base/java.util.ArrayList.forEach(ArrayList.java:1511)
... Removed 32 stack frames</div></td></tr></table><p class="totop"><a href="#summary">back to summary</a></p>
<h3 id="m2">TestCases.TestAddPlan#Add_ProRated_Rates</h3><table class="result"><tr><th>Exception</th></tr><tr><td><div class="stacktrace">org.openqa.selenium.TimeoutException: Expected condition failed: waiting for visibility of element located by By.xpath: .//*[@class=&apos;dataTables_filter&apos;]/label/input (tried for 10 second(s) with 500 MILLISECONDS interval)
Build info: version: &apos;3.5.3&apos;, revision: &apos;a88d25fe6b&apos;, time: &apos;2017-08-29T12:42:44.417Z&apos;
System info: host: &apos;DESKTOP-881C30Q&apos;, ip: &apos;192.168.1.18&apos;, os.name: &apos;Windows 10&apos;, os.arch: &apos;amd64&apos;, os.version: &apos;10.0&apos;, java.version: &apos;17.0.4&apos;
Driver info: org.openqa.selenium.chrome.ChromeDriver
Capabilities [{networkConnectionEnabled=false, chrome={chromedriverVersion=107.0.5304.62 (1eec40d3a5764881c92085aaee66d25075c159aa-refs/branch-heads/5304@{#942}), userDataDir=C:\Users\SQELAB~1\AppData\Local\Temp\scoped_dir8628_800842881}, timeouts={implicit=0, pageLoad=300000, script=30000}, pageLoadStrategy=normal, unhandledPromptBehavior=dismiss and notify, strictFileInteractability=false, platform=XP, proxy=Proxy(), goog:chromeOptions={debuggerAddress=localhost:55573}, webauthn:extension:credBlob=true, acceptInsecureCerts=false, browserVersion=107.0.5304.123, browserName=chrome, javascriptEnabled=true, platformName=XP, setWindowRect=true, webauthn:extension:largeBlob=true, webauthn:virtualAuthenticators=true}]
Session ID: 387b6e927c6b7349d9319cf23bf6f570
	at org.openqa.selenium.support.ui.WebDriverWait.timeoutException(WebDriverWait.java:80)
	at org.openqa.selenium.support.ui.FluentWait.until(FluentWait.java:232)
	at CommonMethods.WebDriverWaits.ClickOn(WebDriverWaits.java:41)
	at POM.Flow2_3AddTOUFileAndPlan$Plans.Add_ProRated_Rates(Flow2_3AddTOUFileAndPlan.java:490)
	at TestCases.TestAddPlan.Add_ProRated_Rates(TestAddPlan.java:50)
	at java.base/java.util.ArrayList.forEach(ArrayList.java:1511)
... Removed 27 stack frames</div></td></tr></table><p class="totop"><a href="#summary">back to summary</a></p>
<h3 id="m3">TestCases.TestAddPlan#OtherPlan</h3><table class="result"><tr><th>Exception</th></tr><tr><td><div class="stacktrace">org.openqa.selenium.TimeoutException: Expected condition failed: waiting for visibility of element located by By.xpath: (//*[@id=&apos;unit-type&apos;]/option)[2] (tried for 10 second(s) with 500 MILLISECONDS interval)
	at org.openqa.selenium.support.ui.WebDriverWait.timeoutException(WebDriverWait.java:80)
	at org.openqa.selenium.support.ui.FluentWait.until(FluentWait.java:232)
	at CommonMethods.WebDriverWaits.ClickOn(WebDriverWaits.java:41)
	at POM.Flow2_3AddTOUFileAndPlan$Plans.OtherPlan(Flow2_3AddTOUFileAndPlan.java:456)
	at TestCases.TestAddPlan.OtherPlan(TestAddPlan.java:43)
	at java.base/java.util.ArrayList.forEach(ArrayList.java:1511)
Caused by: org.openqa.selenium.NoSuchElementException: Cannot locate an element using By.xpath: (//*[@id=&apos;unit-type&apos;]/option)[2]
For documentation on this error, please visit: http://seleniumhq.org/exceptions/no_such_element.html
Build info: version: &apos;3.5.3&apos;, revision: &apos;a88d25fe6b&apos;, time: &apos;2017-08-29T12:42:44.417Z&apos;
System info: host: &apos;DESKTOP-881C30Q&apos;, ip: &apos;192.168.1.18&apos;, os.name: &apos;Windows 10&apos;, os.arch: &apos;amd64&apos;, os.version: &apos;10.0&apos;, java.version: &apos;17.0.4&apos;
Driver info: driver.version: unknown
	at org.openqa.selenium.support.ui.ExpectedConditions.lambda$findElement$0(ExpectedConditions.java:883)
	at java.base/java.util.Optional.orElseThrow(Optional.java:403)
	at org.openqa.selenium.support.ui.ExpectedConditions.findElement(ExpectedConditions.java:882)
	at org.openqa.selenium.support.ui.ExpectedConditions.access$000(ExpectedConditions.java:44)
	at org.openqa.selenium.support.ui.ExpectedConditions$7.apply(ExpectedConditions.java:206)
	at org.openqa.selenium.support.ui.ExpectedConditions$7.apply(ExpectedConditions.java:202)
	at org.openqa.selenium.support.ui.FluentWait.until(FluentWait.java:209)
	... 31 more
... Removed 27 stack frames</div></td></tr></table><p class="totop"><a href="#summary">back to summary</a></p>
<h3 id="m4">TestCases.TestAddService#Service</h3><table class="result"><tr><th>Exception</th></tr><tr><td><div class="stacktrace">org.openqa.selenium.TimeoutException: Expected condition failed: waiting for visibility of element located by By.xpath: //a[@id=&apos;addMeter&apos;]/i (tried for 10 second(s) with 500 MILLISECONDS interval)
	at org.openqa.selenium.support.ui.WebDriverWait.timeoutException(WebDriverWait.java:80)
	at org.openqa.selenium.support.ui.FluentWait.until(FluentWait.java:232)
	at CommonMethods.WebDriverWaits.ClickOn(WebDriverWaits.java:41)
	at POM.Flow6_7AddingServiceAndMeter$Metering.AddMeter(Flow6_7AddingServiceAndMeter.java:475)
	at POM.Flow6_7AddingServiceAndMeter$X_AddService.Service_MeterR(Flow6_7AddingServiceAndMeter.java:181)
	at TestCases.TestAddService.Service(TestAddService.java:12)
	at java.base/java.util.ArrayList.forEach(ArrayList.java:1511)
Caused by: org.openqa.selenium.NoSuchElementException: Cannot locate an element using By.xpath: //a[@id=&apos;addMeter&apos;]/i
For documentation on this error, please visit: http://seleniumhq.org/exceptions/no_such_element.html
Build info: version: &apos;3.5.3&apos;, revision: &apos;a88d25fe6b&apos;, time: &apos;2017-08-29T12:42:44.417Z&apos;
System info: host: &apos;DESKTOP-881C30Q&apos;, ip: &apos;192.168.1.18&apos;, os.name: &apos;Windows 10&apos;, os.arch: &apos;amd64&apos;, os.version: &apos;10.0&apos;, java.version: &apos;17.0.4&apos;
Driver info: driver.version: unknown
	at org.openqa.selenium.support.ui.ExpectedConditions.lambda$findElement$0(ExpectedConditions.java:883)
	at java.base/java.util.Optional.orElseThrow(Optional.java:403)
	at org.openqa.selenium.support.ui.ExpectedConditions.findElement(ExpectedConditions.java:882)
	at org.openqa.selenium.support.ui.ExpectedConditions.access$000(ExpectedConditions.java:44)
	at org.openqa.selenium.support.ui.ExpectedConditions$7.apply(ExpectedConditions.java:206)
	at org.openqa.selenium.support.ui.ExpectedConditions$7.apply(ExpectedConditions.java:202)
	at org.openqa.selenium.support.ui.FluentWait.until(FluentWait.java:209)
	... 32 more
... Removed 27 stack frames</div></td></tr></table><p class="totop"><a href="#summary">back to summary</a></p>
<h3 id="m5">TestCases.TestAutoDueDate#AutoDueDate</h3><table class="result"><tr><th>Exception</th></tr><tr><td><div class="stacktrace">java.lang.Error: Unresolved compilation problems: 
	The method AddMeter_MeterRegisterR() is undefined for the type Flow6_7AddingServiceAndMeter.X_AddService
	The method BAddMeter_MeterRegister() is undefined for the type Flow6_7AddingServiceAndMeter.X_AddService
	The method AddMeter_MeterRegisterC() is undefined for the type Flow6_7AddingServiceAndMeter.X_AddService

	at POM.Flow9_Auto_Due_Date.AutoDueDate(Flow9_Auto_Due_Date.java:29)
	at TestCases.TestAutoDueDate.AutoDueDate(TestAutoDueDate.java:21)
	at java.base/java.util.ArrayList.forEach(ArrayList.java:1511)
... Removed 27 stack frames</div></td></tr></table><p class="totop"><a href="#summary">back to summary</a></p>
<h3 id="m6">TestCases.TestAutoDueDate#BillRunWithSingleCustomer</h3><table class="result"><tr><th>Exception</th></tr><tr><td><div class="stacktrace">java.lang.Error: Unresolved compilation problem: 
	The method BillRunWithSingleCustomer() is undefined for the type Flow9_Auto_Due_Date

	at TestCases.TestAutoDueDate.BillRunWithSingleCustomer(TestAutoDueDate.java:29)
	at java.base/java.util.ArrayList.forEach(ArrayList.java:1511)
... Removed 27 stack frames</div></td></tr></table><p class="totop"><a href="#summary">back to summary</a></p>
<h3 id="m7">TestCases.TestBillRunWithNoCycle#BillRunWithNoCycle</h3><table class="result"><tr><th>Exception</th></tr><tr><td><div class="stacktrace">java.lang.Error: Unresolved compilation problem: 
	The method AddMeter_MeterRegisterR() is undefined for the type Flow6_7AddingServiceAndMeter.X_AddService

	at POM.Flow4_BillRunWithNoCycle.BillRunWithNoCycle(Flow4_BillRunWithNoCycle.java:24)
	at TestCases.TestBillRunWithNoCycle.BillRunWithNoCycle(TestBillRunWithNoCycle.java:14)
	at java.base/java.util.ArrayList.forEach(ArrayList.java:1511)
... Removed 27 stack frames</div></td></tr></table><p class="totop"><a href="#summary">back to summary</a></p>
<h3 id="m8">TestCases.TestBillRunWithNoCycle#BillrunMethod_NoCycle</h3><table class="result"><tr><th>Exception</th></tr><tr><td><div class="stacktrace">org.openqa.selenium.WebDriverException: element click intercepted: Element &lt;i class=&quot;icon-tasks&quot;&gt;&lt;/i&gt; is not clickable at point (384, 67). Other element would receive the click: &lt;div class=&quot;modal fade  in&quot; id=&quot;createTariffPopup&quot; role=&quot;dialog&quot; style=&quot;display: block;&quot; aria-hidden=&quot;false&quot;&gt;...&lt;/div&gt;
  (Session info: chrome=107.0.5304.123)
Build info: version: &apos;3.5.3&apos;, revision: &apos;a88d25fe6b&apos;, time: &apos;2017-08-29T12:42:44.417Z&apos;
System info: host: &apos;DESKTOP-881C30Q&apos;, ip: &apos;192.168.1.18&apos;, os.name: &apos;Windows 10&apos;, os.arch: &apos;amd64&apos;, os.version: &apos;10.0&apos;, java.version: &apos;17.0.4&apos;
Driver info: org.openqa.selenium.chrome.ChromeDriver
Capabilities [{networkConnectionEnabled=false, chrome={chromedriverVersion=107.0.5304.62 (1eec40d3a5764881c92085aaee66d25075c159aa-refs/branch-heads/5304@{#942}), userDataDir=C:\Users\SQELAB~1\AppData\Local\Temp\scoped_dir8628_800842881}, timeouts={implicit=0, pageLoad=300000, script=30000}, pageLoadStrategy=normal, unhandledPromptBehavior=dismiss and notify, strictFileInteractability=false, platform=XP, proxy=Proxy(), goog:chromeOptions={debuggerAddress=localhost:55573}, webauthn:extension:credBlob=true, acceptInsecureCerts=false, browserVersion=107.0.5304.123, browserName=chrome, javascriptEnabled=true, platformName=XP, setWindowRect=true, webauthn:extension:largeBlob=true, webauthn:virtualAuthenticators=true}]
Session ID: 387b6e927c6b7349d9319cf23bf6f570
	at org.openqa.selenium.remote.http.W3CHttpResponseCodec.createException(W3CHttpResponseCodec.java:185)
	at org.openqa.selenium.remote.http.W3CHttpResponseCodec.decode(W3CHttpResponseCodec.java:120)
	at org.openqa.selenium.remote.http.W3CHttpResponseCodec.decode(W3CHttpResponseCodec.java:49)
	at org.openqa.selenium.remote.HttpCommandExecutor.execute(HttpCommandExecutor.java:164)
	at org.openqa.selenium.remote.service.DriverCommandExecutor.execute(DriverCommandExecutor.java:82)
	at org.openqa.selenium.remote.RemoteWebDriver.execute(RemoteWebDriver.java:646)
	at org.openqa.selenium.remote.RemoteWebElement.execute(RemoteWebElement.java:275)
	at org.openqa.selenium.remote.RemoteWebElement.click(RemoteWebElement.java:82)
	at CommonMethods.WebDriverWaits.ClickOn(WebDriverWaits.java:44)
	at POM.Flow4_BillRunWithNoCycle$Billrun.BillrunMethod_NoCycle(Flow4_BillRunWithNoCycle.java:54)
	at TestCases.TestBillRunWithNoCycle.BillrunMethod_NoCycle(TestBillRunWithNoCycle.java:22)
	at java.base/java.util.ArrayList.forEach(ArrayList.java:1511)
... Removed 32 stack frames</div></td></tr></table><p class="totop"><a href="#summary">back to summary</a></p>
<h3 id="m9">TestCases.TestBillRunWithUncommittedStatement#BillRunPrerequiste</h3><table class="result"><tr><th>Exception</th></tr><tr><td><div class="stacktrace">java.lang.Error: Unresolved compilation problem: 
	The method AddMeter_MeterRegisterC() is undefined for the type Flow6_7AddingServiceAndMeter.X_AddService

	at POM.Flow10_BillRunWithUncommittedStatement.BillRunPrerequiste(Flow10_BillRunWithUncommittedStatement.java:26)
	at TestCases.TestBillRunWithUncommittedStatement.BillRunPrerequiste(TestBillRunWithUncommittedStatement.java:15)
	at java.base/java.util.ArrayList.forEach(ArrayList.java:1511)
... Removed 27 stack frames</div></td></tr></table><p class="totop"><a href="#summary">back to summary</a></p>
<h3 id="m10">TestCases.TestBillRunWithUncommittedStatement#BillRunWithUncommittedStatement</h3><table class="result"><tr><th>Exception</th></tr><tr><td><div class="stacktrace">org.openqa.selenium.TimeoutException: Expected condition failed: waiting for visibility of element located by By.xpath: //*[@class=&apos;close&apos;] (tried for 10 second(s) with 500 MILLISECONDS interval)
Build info: version: &apos;3.5.3&apos;, revision: &apos;a88d25fe6b&apos;, time: &apos;2017-08-29T12:42:44.417Z&apos;
System info: host: &apos;DESKTOP-881C30Q&apos;, ip: &apos;192.168.1.18&apos;, os.name: &apos;Windows 10&apos;, os.arch: &apos;amd64&apos;, os.version: &apos;10.0&apos;, java.version: &apos;17.0.4&apos;
Driver info: org.openqa.selenium.chrome.ChromeDriver
Capabilities [{networkConnectionEnabled=false, chrome={chromedriverVersion=107.0.5304.62 (1eec40d3a5764881c92085aaee66d25075c159aa-refs/branch-heads/5304@{#942}), userDataDir=C:\Users\SQELAB~1\AppData\Local\Temp\scoped_dir8628_800842881}, timeouts={implicit=0, pageLoad=300000, script=30000}, pageLoadStrategy=normal, unhandledPromptBehavior=dismiss and notify, strictFileInteractability=false, platform=XP, proxy=Proxy(), goog:chromeOptions={debuggerAddress=localhost:55573}, webauthn:extension:credBlob=true, acceptInsecureCerts=false, browserVersion=107.0.5304.123, browserName=chrome, javascriptEnabled=true, platformName=XP, setWindowRect=true, webauthn:extension:largeBlob=true, webauthn:virtualAuthenticators=true}]
Session ID: 387b6e927c6b7349d9319cf23bf6f570
	at org.openqa.selenium.support.ui.WebDriverWait.timeoutException(WebDriverWait.java:80)
	at org.openqa.selenium.support.ui.FluentWait.until(FluentWait.java:232)
	at CommonMethods.WebDriverWaits.ClickOn(WebDriverWaits.java:41)
	at POM.Flow10_BillRunWithUncommittedStatement.BillRunWithUncommittedStatement(Flow10_BillRunWithUncommittedStatement.java:38)
	at TestCases.TestBillRunWithUncommittedStatement.BillRunWithUncommittedStatement(TestBillRunWithUncommittedStatement.java:23)
	at java.base/java.util.ArrayList.forEach(ArrayList.java:1511)
... Removed 27 stack frames</div></td></tr></table><p class="totop"><a href="#summary">back to summary</a></p>
<h3 id="m11">TestCases.TestLargeBillRun#Flow8_AllBillrunCycles</h3><table class="result"><tr><th>Exception</th></tr><tr><td><div class="stacktrace">org.openqa.selenium.WebDriverException: element click intercepted: Element &lt;i class=&quot;icon-lock&quot;&gt;&lt;/i&gt; is not clickable at point (587, 67). Other element would receive the click: &lt;div class=&quot;bootstrap-dialog-header&quot;&gt;...&lt;/div&gt;
  (Session info: chrome=107.0.5304.123)
Build info: version: &apos;3.5.3&apos;, revision: &apos;a88d25fe6b&apos;, time: &apos;2017-08-29T12:42:44.417Z&apos;
System info: host: &apos;DESKTOP-881C30Q&apos;, ip: &apos;192.168.1.18&apos;, os.name: &apos;Windows 10&apos;, os.arch: &apos;amd64&apos;, os.version: &apos;10.0&apos;, java.version: &apos;17.0.4&apos;
Driver info: org.openqa.selenium.chrome.ChromeDriver
Capabilities [{networkConnectionEnabled=false, chrome={chromedriverVersion=107.0.5304.62 (1eec40d3a5764881c92085aaee66d25075c159aa-refs/branch-heads/5304@{#942}), userDataDir=C:\Users\SQELAB~1\AppData\Local\Temp\scoped_dir8628_800842881}, timeouts={implicit=0, pageLoad=300000, script=30000}, pageLoadStrategy=normal, unhandledPromptBehavior=dismiss and notify, strictFileInteractability=false, platform=XP, proxy=Proxy(), goog:chromeOptions={debuggerAddress=localhost:55573}, webauthn:extension:credBlob=true, acceptInsecureCerts=false, browserVersion=107.0.5304.123, browserName=chrome, javascriptEnabled=true, platformName=XP, setWindowRect=true, webauthn:extension:largeBlob=true, webauthn:virtualAuthenticators=true}]
Session ID: 387b6e927c6b7349d9319cf23bf6f570
	at org.openqa.selenium.remote.http.W3CHttpResponseCodec.createException(W3CHttpResponseCodec.java:185)
	at org.openqa.selenium.remote.http.W3CHttpResponseCodec.decode(W3CHttpResponseCodec.java:120)
	at org.openqa.selenium.remote.http.W3CHttpResponseCodec.decode(W3CHttpResponseCodec.java:49)
	at org.openqa.selenium.remote.HttpCommandExecutor.execute(HttpCommandExecutor.java:164)
	at org.openqa.selenium.remote.service.DriverCommandExecutor.execute(DriverCommandExecutor.java:82)
	at org.openqa.selenium.remote.RemoteWebDriver.execute(RemoteWebDriver.java:646)
	at org.openqa.selenium.remote.RemoteWebElement.execute(RemoteWebElement.java:275)
	at org.openqa.selenium.remote.RemoteWebElement.click(RemoteWebElement.java:82)
	at CommonMethods.WebDriverWaits.ClickOn(WebDriverWaits.java:44)
	at POM.Flow8_AllBillrunCycles$X_BillrunCycle.LargeBillRun(Flow8_AllBillrunCycles.java:360)
	at TestCases.TestLargeBillRun.Flow8_AllBillrunCycles(TestLargeBillRun.java:14)
	at java.base/java.util.ArrayList.forEach(ArrayList.java:1511)
... Removed 32 stack frames</div></td></tr></table><p class="totop"><a href="#summary">back to summary</a></p>
<h3 id="m12">TestCases.TestTwoCustomerBillRun#Flow8_AllBillrunCycles</h3><table class="result"><tr><th>Exception</th></tr><tr><td><div class="stacktrace">org.openqa.selenium.WebDriverException: element click intercepted: Element &lt;i class=&quot;icon-lock&quot;&gt;&lt;/i&gt; is not clickable at point (587, 67). Other element would receive the click: &lt;div class=&quot;bootstrap-dialog-header&quot;&gt;...&lt;/div&gt;
  (Session info: chrome=107.0.5304.123)
Build info: version: &apos;3.5.3&apos;, revision: &apos;a88d25fe6b&apos;, time: &apos;2017-08-29T12:42:44.417Z&apos;
System info: host: &apos;DESKTOP-881C30Q&apos;, ip: &apos;192.168.1.18&apos;, os.name: &apos;Windows 10&apos;, os.arch: &apos;amd64&apos;, os.version: &apos;10.0&apos;, java.version: &apos;17.0.4&apos;
Driver info: org.openqa.selenium.chrome.ChromeDriver
Capabilities [{networkConnectionEnabled=false, chrome={chromedriverVersion=107.0.5304.62 (1eec40d3a5764881c92085aaee66d25075c159aa-refs/branch-heads/5304@{#942}), userDataDir=C:\Users\SQELAB~1\AppData\Local\Temp\scoped_dir8628_800842881}, timeouts={implicit=0, pageLoad=300000, script=30000}, pageLoadStrategy=normal, unhandledPromptBehavior=dismiss and notify, strictFileInteractability=false, platform=XP, proxy=Proxy(), goog:chromeOptions={debuggerAddress=localhost:55573}, webauthn:extension:credBlob=true, acceptInsecureCerts=false, browserVersion=107.0.5304.123, browserName=chrome, javascriptEnabled=true, platformName=XP, setWindowRect=true, webauthn:extension:largeBlob=true, webauthn:virtualAuthenticators=true}]
Session ID: 387b6e927c6b7349d9319cf23bf6f570
	at org.openqa.selenium.remote.http.W3CHttpResponseCodec.createException(W3CHttpResponseCodec.java:185)
	at org.openqa.selenium.remote.http.W3CHttpResponseCodec.decode(W3CHttpResponseCodec.java:120)
	at org.openqa.selenium.remote.http.W3CHttpResponseCodec.decode(W3CHttpResponseCodec.java:49)
	at org.openqa.selenium.remote.HttpCommandExecutor.execute(HttpCommandExecutor.java:164)
	at org.openqa.selenium.remote.service.DriverCommandExecutor.execute(DriverCommandExecutor.java:82)
	at org.openqa.selenium.remote.RemoteWebDriver.execute(RemoteWebDriver.java:646)
	at org.openqa.selenium.remote.RemoteWebElement.execute(RemoteWebElement.java:275)
	at org.openqa.selenium.remote.RemoteWebElement.click(RemoteWebElement.java:82)
	at CommonMethods.WebDriverWaits.ClickOn(WebDriverWaits.java:44)
	at POM.Flow8_AllBillrunCycles$X_BillrunCycle.SmallBillRunWithTwoCustomer(Flow8_AllBillrunCycles.java:202)
	at TestCases.TestTwoCustomerBillRun.Flow8_AllBillrunCycles(TestTwoCustomerBillRun.java:14)
	at java.base/java.util.ArrayList.forEach(ArrayList.java:1511)
... Removed 32 stack frames</div></td></tr></table><p class="totop"><a href="#summary">back to summary</a></p>
<h3 id="m13">TestCases.TestAddPlan#AddPlanwithoutTOUDefinition</h3><table class="result"><tr><th class="invisible"/></tr></table><p class="totop"><a href="#summary">back to summary</a></p>
<h3 id="m14">TestCases.TestAddPlan#PlanwithDemandTOUdefinition_Network_and_Retail_Trf</h3><table class="result"><tr><th class="invisible"/></tr></table><p class="totop"><a href="#summary">back to summary</a></p>
<h3 id="m15">TestCases.TestAddPlan#PlanwithTOUDefinition_Network_and_Retail_Trf</h3><table class="result"><tr><th class="invisible"/></tr></table><p class="totop"><a href="#summary">back to summary</a></p>
<h3 id="m16">TestCases.TestAddPlan#TouImport</h3><table class="result"><tr><th class="invisible"/></tr></table><p class="totop"><a href="#summary">back to summary</a></p>
<h3 id="m17">TestCases.TestAddService#SecondService</h3><table class="result"><tr><th class="invisible"/></tr></table><p class="totop"><a href="#summary">back to summary</a></p>
<h3 id="m18">TestCases.TestCustomers#Customer</h3><table class="result"><tr><th class="invisible"/></tr></table><p class="totop"><a href="#summary">back to summary</a></p>
<h3 id="m19">TestCases.TestCustomers#SecondCustomer</h3><table class="result"><tr><th class="invisible"/></tr></table><p class="totop"><a href="#summary">back to summary</a></p>
<h3 id="m20">TestCases.TestCustomers#ThirdCustomer</h3><table class="result"><tr><th class="invisible"/></tr></table><p class="totop"><a href="#summary">back to summary</a></p>
<h3 id="m21">TestCases.TestLogin#ValidLogin</h3><table class="result"><tr><th class="invisible"/></tr></table><p class="totop"><a href="#summary">back to summary</a></p>
<h3 id="m22">TestCases.TestSingleCustomerBillRun#Rollback_SmallBillRunWithSingleCustomer</h3><table class="result"><tr><th class="invisible"/></tr></table><p class="totop"><a href="#summary">back to summary</a></p>
<h3 id="m23">TestCases.TestSingleCustomerBillRun#SmallBillRunWithSingleCustomer</h3><table class="result"><tr><th class="invisible"/></tr></table><p class="totop"><a href="#summary">back to summary</a></p>
<h3 id="m24">TestCases.TestSingleCustomerBillRun#X_BillrunCycle</h3><table class="result"><tr><th class="invisible"/></tr></table><p class="totop"><a href="#summary">back to summary</a></p>
</body>
</html>
